Using pre-set license
Built from '2021.3/staging' branch; Version is '2021.3.32f1 (3b9dae9532f5) revision 3906990'; Using compiler version '192829333'; Build Type 'Release'
OS: 'Windows 10  (10.0.19045) 64bit CoreSingleLanguage' Language: 'en' Physical Memory: 16219 MB
BatchMode: 1, IsHumanControllingUs: 0, StartBugReporterOnCrash: 0, Is64bit: 1, IsPro: 1

COMMAND LINE ARGUMENTS:
C:\Program Files\Unity 2021.3.32f1\Editor\Unity.exe
-adb2
-batchMode
-noUpm
-name
AssetImportWorker2
-projectPath
C:/Users/Laptop cua Phuc/StackMaker_NBPhuc
-logFile
Logs/AssetImportWorker2.log
-srvPort
50173
Successfully changed project path to: C:/Users/Laptop cua Phuc/StackMaker_NBPhuc
C:/Users/Laptop cua Phuc/StackMaker_NBPhuc
[UnityMemory] Configuration Parameters - Can be set up in boot.config
    "memorysetup-bucket-allocator-granularity=16"
    "memorysetup-bucket-allocator-bucket-count=8"
    "memorysetup-bucket-allocator-block-size=33554432"
    "memorysetup-bucket-allocator-block-count=8"
    "memorysetup-main-allocator-block-size=16777216"
    "memorysetup-thread-allocator-block-size=16777216"
    "memorysetup-gfx-main-allocator-block-size=16777216"
    "memorysetup-gfx-thread-allocator-block-size=16777216"
    "memorysetup-cache-allocator-block-size=4194304"
    "memorysetup-typetree-allocator-block-size=2097152"
    "memorysetup-profiler-bucket-allocator-granularity=16"
    "memorysetup-profiler-bucket-allocator-bucket-count=8"
    "memorysetup-profiler-bucket-allocator-block-size=33554432"
    "memorysetup-profiler-bucket-allocator-block-count=8"
    "memorysetup-profiler-allocator-block-size=16777216"
    "memorysetup-profiler-editor-allocator-block-size=1048576"
    "memorysetup-temp-allocator-size-main=16777216"
    "memorysetup-job-temp-allocator-block-size=2097152"
    "memorysetup-job-temp-allocator-block-size-background=1048576"
    "memorysetup-job-temp-allocator-reduction-small-platforms=262144"
    "memorysetup-temp-allocator-size-background-worker=32768"
    "memorysetup-temp-allocator-size-job-worker=262144"
    "memorysetup-temp-allocator-size-preload-manager=33554432"
    "memorysetup-temp-allocator-size-nav-mesh-worker=65536"
    "memorysetup-temp-allocator-size-audio-worker=65536"
    "memorysetup-temp-allocator-size-cloud-worker=32768"
    "memorysetup-temp-allocator-size-gi-baking-worker=262144"
    "memorysetup-temp-allocator-size-gfx=262144"
Player connection [17616] Host "[IP] 192.168.0.100 [Port] 0 [Flags] 2 [Guid] 1066187893 [EditorId] 1066187893 [Version] 1048832 [Id] WindowsEditor(7,LAPTOP-6POE2SJS) [Debug] 1 [PackageName] WindowsEditor [ProjectName] Editor" joined multi-casting on [225.0.0.222:54997]...

Player connection [17616] Host "[IP] 192.168.0.100 [Port] 0 [Flags] 2 [Guid] 1066187893 [EditorId] 1066187893 [Version] 1048832 [Id] WindowsEditor(7,LAPTOP-6POE2SJS) [Debug] 1 [PackageName] WindowsEditor [ProjectName] Editor" joined alternative multi-casting on [225.0.0.222:34997]...

[Physics::Module] Initialized MultithreadedJobDispatcher with {0} workers.
Refreshing native plugins compatible for Editor in 111.48 ms, found 3 plugins.
Preloading 0 native plugins for Editor in 0.00 ms.
Initialize engine version: 2021.3.32f1 (3b9dae9532f5)
[Subsystems] Discovering subsystems at path C:/Program Files/Unity 2021.3.32f1/Editor/Data/Resources/UnitySubsystems
[Subsystems] Discovering subsystems at path C:/Users/Laptop cua Phuc/StackMaker_NBPhuc/Assets
GfxDevice: creating device client; threaded=0; jobified=0
Direct3D:
    Version:  Direct3D 11.0 [level 11.1]
    Renderer: NVIDIA GeForce GTX 1650 Ti (ID=0x1f95)
    Vendor:   NVIDIA
    VRAM:     3962 MB
    Driver:   31.0.15.1691
Initialize mono
Mono path[0] = 'C:/Program Files/Unity 2021.3.32f1/Editor/Data/Managed'
Mono path[1] = 'C:/Program Files/Unity 2021.3.32f1/Editor/Data/MonoBleedingEdge/lib/mono/unityjit-win32'
Mono config path = 'C:/Program Files/Unity 2021.3.32f1/Editor/Data/MonoBleedingEdge/etc'
Using monoOptions --debugger-agent=transport=dt_socket,embedding=1,server=y,suspend=n,address=127.0.0.1:56516
Begin MonoManager ReloadAssembly
Registering precompiled unity dll's ...
Register platform support module: C:/Program Files/Unity 2021.3.32f1/Editor/Data/PlaybackEngines/WindowsStandaloneSupport/UnityEditor.WindowsStandalone.Extensions.dll
Registered in 0.008786 seconds.
Native extension for WindowsStandalone target not found
Refreshing native plugins compatible for Editor in 65.94 ms, found 3 plugins.
Preloading 0 native plugins for Editor in 0.00 ms.
Mono: successfully reloaded assembly
- Completed reload, in  1.101 seconds
Domain Reload Profiling:
	ReloadAssembly (1102ms)
		BeginReloadAssembly (268ms)
			ExecutionOrderSort (0ms)
			DisableScriptedObjects (0ms)
			BackupInstance (0ms)
			ReleaseScriptingObjects (0ms)
			CreateAndSetChildDomain (1ms)
		EndReloadAssembly (578ms)
			LoadAssemblies (264ms)
			RebuildTransferFunctionScriptingTraits (0ms)
			SetupTypeCache (273ms)
			ReleaseScriptCaches (0ms)
			RebuildScriptCaches (28ms)
			SetupLoadedEditorAssemblies (236ms)
				LogAssemblyErrors (0ms)
				InitializePlatformSupportModulesInManaged (7ms)
				SetLoadedEditorAssemblies (0ms)
				RefreshPlugins (66ms)
				BeforeProcessingInitializeOnLoad (1ms)
				ProcessInitializeOnLoadAttributes (111ms)
				ProcessInitializeOnLoadMethodAttributes (50ms)
				AfterProcessingInitializeOnLoad (0ms)
				EditorAssembliesLoaded (0ms)
			ExecutionOrderSort2 (0ms)
			AwakeInstancesAfterBackupRestoration (0ms)
Platform modules already initialized, skipping
Registering precompiled user dll's ...
Registered in 0.012486 seconds.
Begin MonoManager ReloadAssembly
Native extension for WindowsStandalone target not found
Refreshing native plugins compatible for Editor in 0.55 ms, found 3 plugins.
Preloading 0 native plugins for Editor in 0.00 ms.
Package Manager log level set to [2]
[Package Manager] Server::EnsureServerProcessIsRunning -- launch failed, reason: Unity was launched with the -noUpm command-line argument
[Package Manager] Cannot connect to Unity Package Manager local server
Mono: successfully reloaded assembly
- Completed reload, in  2.057 seconds
Domain Reload Profiling:
	ReloadAssembly (2058ms)
		BeginReloadAssembly (153ms)
			ExecutionOrderSort (0ms)
			DisableScriptedObjects (10ms)
			BackupInstance (0ms)
			ReleaseScriptingObjects (0ms)
			CreateAndSetChildDomain (22ms)
		EndReloadAssembly (1750ms)
			LoadAssemblies (195ms)
			RebuildTransferFunctionScriptingTraits (0ms)
			SetupTypeCache (363ms)
			ReleaseScriptCaches (1ms)
			RebuildScriptCaches (50ms)
			SetupLoadedEditorAssemblies (1122ms)
				LogAssemblyErrors (0ms)
				InitializePlatformSupportModulesInManaged (5ms)
				SetLoadedEditorAssemblies (0ms)
				RefreshPlugins (1ms)
				BeforeProcessingInitializeOnLoad (90ms)
				ProcessInitializeOnLoadAttributes (989ms)
				ProcessInitializeOnLoadMethodAttributes (27ms)
				AfterProcessingInitializeOnLoad (10ms)
				EditorAssembliesLoaded (0ms)
			ExecutionOrderSort2 (0ms)
			AwakeInstancesAfterBackupRestoration (6ms)
Platform modules already initialized, skipping
========================================================================
Worker process is ready to serve import requests
Launched and connected shader compiler UnityShaderCompiler.exe after 0.10 seconds
Refreshing native plugins compatible for Editor in 0.61 ms, found 3 plugins.
Preloading 0 native plugins for Editor in 0.00 ms.
Unloading 3227 Unused Serialized files (Serialized files now loaded: 0)
Unloading 39 unused Assets / (46.3 KB). Loaded Objects now: 3684.
Memory consumption went from 113.5 MB to 113.4 MB.
Total: 3.636700 ms (FindLiveObjects: 0.250500 ms CreateObjectMapping: 0.173700 ms MarkObjects: 3.135000 ms  DeleteObjects: 0.076800 ms)

AssetImportParameters requested are different than current active one (requested -> active):
  custom:video-decoder-ogg-theora: a1e56fd34408186e4bbccfd4996cb3dc -> 
  custom:container-muxer-webm: aa71ff27fc2769a1b78a27578f13a17b -> 
  custom:container-demuxer-webm: 4f35f7cbe854078d1ac9338744f61a02 -> 
  custom:video-encoder-webm-vp8: eb34c28f22e8b96e1ab97ce403110664 -> 
  custom:video-codec-MediaFoundation-h265: 746d11721c4dcdbdad8f713fa42b33f4 -> 
  custom:CustomObjectIndexerAttribute: bc11b3a6c3213fcdd17b65e7da85e133 -> 
  custom:audio-encoder-webm-vorbis: bf7c407c2cedff20999df2af8eb42d56 -> 
  custom:framework-win-MediaFoundation: 216162199b28c13a410421893ffa2e32 -> 
  custom:SearchIndexIgnoredProperties: e643bd26f0fe6173181afceb89e7c659 -> 
  custom:container-demuxer-ogg: 62fdf1f143b41e24485cea50d1cbac27 -> 
  custom:video-decoder-webm-vp8: 9c59270c3fd7afecdb556c50c9e8de78 -> 
  custom:audio-decoder-ogg-vorbis: bf7c407c2cedff20999df2af8eb42d56 -> 
========================================================================
Received Import Request.
  Time since last request: 378082.362438 seconds.
  path: Assets/_MazeMakerAssets/Material/shui.mat
  artifactKey: Guid(623f271027ad65f46994a53d79d27ccb) Importer(815301076,1909f56bfc062723c751e8b465ee728b)
Number of updated assets reloaded before import = 0
Start importing Assets/_MazeMakerAssets/Material/shui.mat using Guid(623f271027ad65f46994a53d79d27ccb) Importer(815301076,1909f56bfc062723c751e8b465ee728b)  -> (artifact id: '98a7e4e69125b5982145f558a8ab4f93') in 0.165615 seconds 
Number of asset objects unloaded after import = 2
========================================================================
Received Import Request.
  Time since last request: 3.518666 seconds.
  path: Assets/_Game/Prefabs/Level/Level4/Prefabs/wall_brick.prefab
  artifactKey: Guid(5d380e4e7b71a6a4b998842d2e0c3ca6) Importer(815301076,1909f56bfc062723c751e8b465ee728b)
Number of updated assets reloaded before import = 0
Start importing Assets/_Game/Prefabs/Level/Level4/Prefabs/wall_brick.prefab using Guid(5d380e4e7b71a6a4b998842d2e0c3ca6) Importer(815301076,1909f56bfc062723c751e8b465ee728b)  -> (artifact id: '2d38ee13ea691432f4de1cad59c6d0ea') in 0.041060 seconds 
Number of asset objects unloaded after import = 10
========================================================================
Received Import Request.
  Time since last request: 102.931554 seconds.
  path: Assets/_Game/Prefabs/Level/Level4/Prefabs/wall_brick.prefab
  artifactKey: Guid(5d380e4e7b71a6a4b998842d2e0c3ca6) Importer(815301076,1909f56bfc062723c751e8b465ee728b)
Number of updated assets reloaded before import = 0
Start importing Assets/_Game/Prefabs/Level/Level4/Prefabs/wall_brick.prefab using Guid(5d380e4e7b71a6a4b998842d2e0c3ca6) Importer(815301076,1909f56bfc062723c751e8b465ee728b)  -> (artifact id: 'be4755b739c16fe388a421eb0f84762c') in 0.015121 seconds 
Number of asset objects unloaded after import = 10
========================================================================
Received Import Request.
  Time since last request: 8.368299 seconds.
  path: Assets/_Game/Prefabs/Level/Level4/Level4.prefab
  artifactKey: Guid(dd28a6f78cd18204a9c49acc1e8426fd) Importer(815301076,1909f56bfc062723c751e8b465ee728b)
Number of updated assets reloaded before import = 0
Start importing Assets/_Game/Prefabs/Level/Level4/Level4.prefab using Guid(dd28a6f78cd18204a9c49acc1e8426fd) Importer(815301076,1909f56bfc062723c751e8b465ee728b)  -> (artifact id: '5b7799f5e70a6640cce9a55793af7fc5') in 0.212003 seconds 
Number of asset objects unloaded after import = 9756
========================================================================
Received Import Request.
  Time since last request: 409.753305 seconds.
  path: Assets/_Game/Prefabs/Level/Level4/Level4.prefab
  artifactKey: Guid(dd28a6f78cd18204a9c49acc1e8426fd) Importer(815301076,1909f56bfc062723c751e8b465ee728b)
Number of updated assets reloaded before import = 0
Start importing Assets/_Game/Prefabs/Level/Level4/Level4.prefab using Guid(dd28a6f78cd18204a9c49acc1e8426fd) Importer(815301076,1909f56bfc062723c751e8b465ee728b)  -> (artifact id: '1674895405897589325b29964f5247ca') in 0.187100 seconds 
Number of asset objects unloaded after import = 9103
========================================================================
Received Import Request.
  Time since last request: 144.953588 seconds.
  path: Assets/_Game/Prefabs/Level/Level4/Level4.prefab
  artifactKey: Guid(dd28a6f78cd18204a9c49acc1e8426fd) Importer(815301076,1909f56bfc062723c751e8b465ee728b)
Number of updated assets reloaded before import = 0
Start importing Assets/_Game/Prefabs/Level/Level4/Level4.prefab using Guid(dd28a6f78cd18204a9c49acc1e8426fd) Importer(815301076,1909f56bfc062723c751e8b465ee728b)  -> (artifact id: '400ae468249271465b7a5aff4f920222') in 0.149579 seconds 
Number of asset objects unloaded after import = 9240
========================================================================
Received Import Request.
  Time since last request: 65.844442 seconds.
  path: Assets/_Game/Prefabs/Level/Level4/Prefabs/lightning.prefab
  artifactKey: Guid(5bf7a9a84c1229a4a89bd95ad41f07e9) Importer(815301076,1909f56bfc062723c751e8b465ee728b)
Number of updated assets reloaded before import = 0
Start importing Assets/_Game/Prefabs/Level/Level4/Prefabs/lightning.prefab using Guid(5bf7a9a84c1229a4a89bd95ad41f07e9) Importer(815301076,1909f56bfc062723c751e8b465ee728b)  -> (artifact id: '94c21b0f4962e7c9ef9b8c7b8d3f558b') in 0.028151 seconds 
Number of asset objects unloaded after import = 17
========================================================================
Received Import Request.
  Time since last request: 26.219297 seconds.
  path: Assets/_Game/Prefabs/Level/Level4/Prefabs/lightning.prefab
  artifactKey: Guid(5bf7a9a84c1229a4a89bd95ad41f07e9) Importer(815301076,1909f56bfc062723c751e8b465ee728b)
Number of updated assets reloaded before import = 0
Start importing Assets/_Game/Prefabs/Level/Level4/Prefabs/lightning.prefab using Guid(5bf7a9a84c1229a4a89bd95ad41f07e9) Importer(815301076,1909f56bfc062723c751e8b465ee728b)  -> (artifact id: '33906bd1806fc86b2a84a4f222f8bbee') in 0.029616 seconds 
Number of asset objects unloaded after import = 18
========================================================================
Received Import Request.
  Time since last request: 1.760171 seconds.
  path: Assets/_Game/Prefabs/Level/Level4/Prefabs/lightning.prefab
  artifactKey: Guid(5bf7a9a84c1229a4a89bd95ad41f07e9) Importer(815301076,1909f56bfc062723c751e8b465ee728b)
Number of updated assets reloaded before import = 0
Start importing Assets/_Game/Prefabs/Level/Level4/Prefabs/lightning.prefab using Guid(5bf7a9a84c1229a4a89bd95ad41f07e9) Importer(815301076,1909f56bfc062723c751e8b465ee728b)  -> (artifact id: '350507c522f78fb1faf5623da1c1062d') in 0.020824 seconds 
Number of asset objects unloaded after import = 18
========================================================================
Received Import Request.
  Time since last request: 13.774043 seconds.
  path: Assets/_Game/Prefabs/Level/Level4/Prefabs/lightning.prefab
  artifactKey: Guid(5bf7a9a84c1229a4a89bd95ad41f07e9) Importer(815301076,1909f56bfc062723c751e8b465ee728b)
Number of updated assets reloaded before import = 0
Start importing Assets/_Game/Prefabs/Level/Level4/Prefabs/lightning.prefab using Guid(5bf7a9a84c1229a4a89bd95ad41f07e9) Importer(815301076,1909f56bfc062723c751e8b465ee728b)  -> (artifact id: '93fe0dd377ce1777edb17f968197f4f3') in 0.016739 seconds 
Number of asset objects unloaded after import = 18
========================================================================
Received Import Request.
  Time since last request: 0.858174 seconds.
  path: Assets/_Game/Prefabs/Level/Level4/Prefabs/lightning.prefab
  artifactKey: Guid(5bf7a9a84c1229a4a89bd95ad41f07e9) Importer(815301076,1909f56bfc062723c751e8b465ee728b)
Number of updated assets reloaded before import = 0
Start importing Assets/_Game/Prefabs/Level/Level4/Prefabs/lightning.prefab using Guid(5bf7a9a84c1229a4a89bd95ad41f07e9) Importer(815301076,1909f56bfc062723c751e8b465ee728b)  -> (artifact id: 'fcbb1333667f593181c368496bf28f1f') in 0.016009 seconds 
Number of asset objects unloaded after import = 18
========================================================================
Received Import Request.
  Time since last request: 178.633768 seconds.
  path: Assets/_Game/Prefabs/Level/Level4/Prefabs/lightning.prefab
  artifactKey: Guid(5bf7a9a84c1229a4a89bd95ad41f07e9) Importer(815301076,1909f56bfc062723c751e8b465ee728b)
Number of updated assets reloaded before import = 0
Start importing Assets/_Game/Prefabs/Level/Level4/Prefabs/lightning.prefab using Guid(5bf7a9a84c1229a4a89bd95ad41f07e9) Importer(815301076,1909f56bfc062723c751e8b465ee728b)  -> (artifact id: '755e523c15720af7278bf9292afcd366') in 0.024887 seconds 
Number of asset objects unloaded after import = 18
========================================================================
Received Import Request.
  Time since last request: 9.329488 seconds.
  path: Assets/_Game/Prefabs/Level/Level4/Level4.prefab
  artifactKey: Guid(dd28a6f78cd18204a9c49acc1e8426fd) Importer(815301076,1909f56bfc062723c751e8b465ee728b)
Number of updated assets reloaded before import = 0
Start importing Assets/_Game/Prefabs/Level/Level4/Level4.prefab using Guid(dd28a6f78cd18204a9c49acc1e8426fd) Importer(815301076,1909f56bfc062723c751e8b465ee728b)  -> (artifact id: '35a32fbd42ddee60f3d994b141ed34b1') in 0.162195 seconds 
Number of asset objects unloaded after import = 9304
========================================================================
Received Import Request.
  Time since last request: 27.815801 seconds.
  path: Assets/_Game/Prefabs/Level/Level4/Level4.prefab
  artifactKey: Guid(dd28a6f78cd18204a9c49acc1e8426fd) Importer(815301076,1909f56bfc062723c751e8b465ee728b)
Number of updated assets reloaded before import = 0
Start importing Assets/_Game/Prefabs/Level/Level4/Level4.prefab using Guid(dd28a6f78cd18204a9c49acc1e8426fd) Importer(815301076,1909f56bfc062723c751e8b465ee728b)  -> (artifact id: '246fe2c712cf058ebaf04d87cb02a6b1') in 0.195669 seconds 
Number of asset objects unloaded after import = 9306
========================================================================
Received Import Request.
  Time since last request: 4.663738 seconds.
  path: Assets/_Game/Prefabs/Level/Level4/Level4.prefab
  artifactKey: Guid(dd28a6f78cd18204a9c49acc1e8426fd) Importer(815301076,1909f56bfc062723c751e8b465ee728b)
Number of updated assets reloaded before import = 0
Start importing Assets/_Game/Prefabs/Level/Level4/Level4.prefab using Guid(dd28a6f78cd18204a9c49acc1e8426fd) Importer(815301076,1909f56bfc062723c751e8b465ee728b)  -> (artifact id: '75a9387b521e57417c7e1af2dbae4241') in 0.165919 seconds 
Number of asset objects unloaded after import = 9306
========================================================================
Received Import Request.
  Time since last request: 3.700118 seconds.
  path: Assets/_Game/Prefabs/Level/Level4/Level4.prefab
  artifactKey: Guid(dd28a6f78cd18204a9c49acc1e8426fd) Importer(815301076,1909f56bfc062723c751e8b465ee728b)
Number of updated assets reloaded before import = 0
Start importing Assets/_Game/Prefabs/Level/Level4/Level4.prefab using Guid(dd28a6f78cd18204a9c49acc1e8426fd) Importer(815301076,1909f56bfc062723c751e8b465ee728b)  -> (artifact id: '084331910f005cacfc155293a5bc2c8a') in 0.161546 seconds 
Number of asset objects unloaded after import = 9306
========================================================================
Received Import Request.
  Time since last request: 8.568327 seconds.
  path: Assets/_Game/Prefabs/Level/Level4/Level4.prefab
  artifactKey: Guid(dd28a6f78cd18204a9c49acc1e8426fd) Importer(815301076,1909f56bfc062723c751e8b465ee728b)
Number of updated assets reloaded before import = 0
Start importing Assets/_Game/Prefabs/Level/Level4/Level4.prefab using Guid(dd28a6f78cd18204a9c49acc1e8426fd) Importer(815301076,1909f56bfc062723c751e8b465ee728b)  -> (artifact id: '92edb27d3962f46f33bd0e07ff7bef21') in 0.157394 seconds 
Number of asset objects unloaded after import = 9308
========================================================================
Received Import Request.
  Time since last request: 7.277281 seconds.
  path: Assets/_Game/Prefabs/Level/Level4/Level4.prefab
  artifactKey: Guid(dd28a6f78cd18204a9c49acc1e8426fd) Importer(815301076,1909f56bfc062723c751e8b465ee728b)
Number of updated assets reloaded before import = 0
Start importing Assets/_Game/Prefabs/Level/Level4/Level4.prefab using Guid(dd28a6f78cd18204a9c49acc1e8426fd) Importer(815301076,1909f56bfc062723c751e8b465ee728b)  -> (artifact id: '939bdc63e7034624b3c045351548e9ed') in 0.184258 seconds 
Number of asset objects unloaded after import = 9308
========================================================================
Received Import Request.
  Time since last request: 6.370587 seconds.
  path: Assets/_Game/Prefabs/Level/Level4/Level4.prefab
  artifactKey: Guid(dd28a6f78cd18204a9c49acc1e8426fd) Importer(815301076,1909f56bfc062723c751e8b465ee728b)
Number of updated assets reloaded before import = 0
Start importing Assets/_Game/Prefabs/Level/Level4/Level4.prefab using Guid(dd28a6f78cd18204a9c49acc1e8426fd) Importer(815301076,1909f56bfc062723c751e8b465ee728b)  -> (artifact id: '512d57a84aab2b389cf1eb7e2cea0998') in 0.153210 seconds 
Number of asset objects unloaded after import = 9308
========================================================================
Received Import Request.
  Time since last request: 2.511931 seconds.
  path: Assets/_Game/Prefabs/Level/Level4/Level4.prefab
  artifactKey: Guid(dd28a6f78cd18204a9c49acc1e8426fd) Importer(815301076,1909f56bfc062723c751e8b465ee728b)
Number of updated assets reloaded before import = 0
Start importing Assets/_Game/Prefabs/Level/Level4/Level4.prefab using Guid(dd28a6f78cd18204a9c49acc1e8426fd) Importer(815301076,1909f56bfc062723c751e8b465ee728b)  -> (artifact id: 'ad315aa893fff426746b5a41e4a145ee') in 0.159006 seconds 
Number of asset objects unloaded after import = 9310
========================================================================
Received Import Request.
  Time since last request: 5.479725 seconds.
  path: Assets/_Game/Prefabs/Level/Level4/Level4.prefab
  artifactKey: Guid(dd28a6f78cd18204a9c49acc1e8426fd) Importer(815301076,1909f56bfc062723c751e8b465ee728b)
Number of updated assets reloaded before import = 0
Start importing Assets/_Game/Prefabs/Level/Level4/Level4.prefab using Guid(dd28a6f78cd18204a9c49acc1e8426fd) Importer(815301076,1909f56bfc062723c751e8b465ee728b)  -> (artifact id: '2a5f35c499b1700096774b10fee1d97b') in 0.156940 seconds 
Number of asset objects unloaded after import = 9310
========================================================================
Received Import Request.
  Time since last request: 4.677371 seconds.
  path: Assets/_Game/Prefabs/Level/Level4/Level4.prefab
  artifactKey: Guid(dd28a6f78cd18204a9c49acc1e8426fd) Importer(815301076,1909f56bfc062723c751e8b465ee728b)
Number of updated assets reloaded before import = 0
Start importing Assets/_Game/Prefabs/Level/Level4/Level4.prefab using Guid(dd28a6f78cd18204a9c49acc1e8426fd) Importer(815301076,1909f56bfc062723c751e8b465ee728b)  -> (artifact id: 'c283aaaba9dc3de3d4886e4588bfe4d7') in 0.154563 seconds 
Number of asset objects unloaded after import = 9310
========================================================================
Received Import Request.
  Time since last request: 677.425087 seconds.
  path: Assets/_Game/Prefabs/Level/Level4/Level4.prefab
  artifactKey: Guid(dd28a6f78cd18204a9c49acc1e8426fd) Importer(815301076,1909f56bfc062723c751e8b465ee728b)
Number of updated assets reloaded before import = 0
Start importing Assets/_Game/Prefabs/Level/Level4/Level4.prefab using Guid(dd28a6f78cd18204a9c49acc1e8426fd) Importer(815301076,1909f56bfc062723c751e8b465ee728b)  -> (artifact id: 'b773807c3b3d92d10aa7cf4b54433f39') in 0.196146 seconds 
Number of asset objects unloaded after import = 11525
========================================================================
Received Prepare
Registering precompiled user dll's ...
Registered in 0.012557 seconds.
Begin MonoManager ReloadAssembly
Native extension for WindowsStandalone target not found
Refreshing native plugins compatible for Editor in 0.63 ms, found 3 plugins.
Preloading 0 native plugins for Editor in 0.00 ms.
[Package Manager] Server::EnsureServerProcessIsRunning -- launch failed, reason: Unity was launched with the -noUpm command-line argument
[Package Manager] Cannot connect to Unity Package Manager local server
Mono: successfully reloaded assembly
- Completed reload, in  1.682 seconds
Domain Reload Profiling:
	ReloadAssembly (1683ms)
		BeginReloadAssembly (175ms)
			ExecutionOrderSort (0ms)
			DisableScriptedObjects (7ms)
			BackupInstance (0ms)
			ReleaseScriptingObjects (0ms)
			CreateAndSetChildDomain (41ms)
		EndReloadAssembly (1394ms)
			LoadAssemblies (119ms)
			RebuildTransferFunctionScriptingTraits (0ms)
			SetupTypeCache (310ms)
			ReleaseScriptCaches (1ms)
			RebuildScriptCaches (45ms)
			SetupLoadedEditorAssemblies (903ms)
				LogAssemblyErrors (0ms)
				InitializePlatformSupportModulesInManaged (6ms)
				SetLoadedEditorAssemblies (1ms)
				RefreshPlugins (1ms)
				BeforeProcessingInitializeOnLoad (84ms)
				ProcessInitializeOnLoadAttributes (769ms)
				ProcessInitializeOnLoadMethodAttributes (29ms)
				AfterProcessingInitializeOnLoad (13ms)
				EditorAssembliesLoaded (0ms)
			ExecutionOrderSort2 (0ms)
			AwakeInstancesAfterBackupRestoration (8ms)
Platform modules already initialized, skipping
Refreshing native plugins compatible for Editor in 0.90 ms, found 3 plugins.
Preloading 0 native plugins for Editor in 0.00 ms.
Unloading 3220 Unused Serialized files (Serialized files now loaded: 0)
Unloading 32 unused Assets / (22.9 KB). Loaded Objects now: 3731.
Memory consumption went from 123.8 MB to 123.8 MB.
Total: 3.972300 ms (FindLiveObjects: 0.291500 ms CreateObjectMapping: 0.272500 ms MarkObjects: 3.338900 ms  DeleteObjects: 0.068300 ms)

AssetImportParameters requested are different than current active one (requested -> active):
  custom:video-decoder-ogg-theora: a1e56fd34408186e4bbccfd4996cb3dc -> 
  custom:container-muxer-webm: aa71ff27fc2769a1b78a27578f13a17b -> 
  custom:container-demuxer-webm: 4f35f7cbe854078d1ac9338744f61a02 -> 
  custom:video-encoder-webm-vp8: eb34c28f22e8b96e1ab97ce403110664 -> 
  custom:video-codec-MediaFoundation-h265: 746d11721c4dcdbdad8f713fa42b33f4 -> 
  custom:CustomObjectIndexerAttribute: bc11b3a6c3213fcdd17b65e7da85e133 -> 
  custom:audio-encoder-webm-vorbis: bf7c407c2cedff20999df2af8eb42d56 -> 
  custom:framework-win-MediaFoundation: 216162199b28c13a410421893ffa2e32 -> 
  custom:SearchIndexIgnoredProperties: e643bd26f0fe6173181afceb89e7c659 -> 
  custom:container-demuxer-ogg: 62fdf1f143b41e24485cea50d1cbac27 -> 
  custom:video-decoder-webm-vp8: 9c59270c3fd7afecdb556c50c9e8de78 -> 
  custom:audio-decoder-ogg-vorbis: bf7c407c2cedff20999df2af8eb42d56 -> 
========================================================================
Received Prepare
Registering precompiled user dll's ...
Registered in 0.014559 seconds.
Begin MonoManager ReloadAssembly
Native extension for WindowsStandalone target not found
Refreshing native plugins compatible for Editor in 0.62 ms, found 3 plugins.
Preloading 0 native plugins for Editor in 0.00 ms.
[Package Manager] Server::EnsureServerProcessIsRunning -- launch failed, reason: Unity was launched with the -noUpm command-line argument
[Package Manager] Cannot connect to Unity Package Manager local server
Mono: successfully reloaded assembly
- Completed reload, in  1.763 seconds
Domain Reload Profiling:
	ReloadAssembly (1764ms)
		BeginReloadAssembly (179ms)
			ExecutionOrderSort (0ms)
			DisableScriptedObjects (8ms)
			BackupInstance (0ms)
			ReleaseScriptingObjects (0ms)
			CreateAndSetChildDomain (41ms)
		EndReloadAssembly (1463ms)
			LoadAssemblies (124ms)
			RebuildTransferFunctionScriptingTraits (0ms)
			SetupTypeCache (332ms)
			ReleaseScriptCaches (1ms)
			RebuildScriptCaches (50ms)
			SetupLoadedEditorAssemblies (923ms)
				LogAssemblyErrors (0ms)
				InitializePlatformSupportModulesInManaged (6ms)
				SetLoadedEditorAssemblies (1ms)
				RefreshPlugins (1ms)
				BeforeProcessingInitializeOnLoad (83ms)
				ProcessInitializeOnLoadAttributes (784ms)
				ProcessInitializeOnLoadMethodAttributes (34ms)
				AfterProcessingInitializeOnLoad (14ms)
				EditorAssembliesLoaded (0ms)
			ExecutionOrderSort2 (0ms)
			AwakeInstancesAfterBackupRestoration (10ms)
Platform modules already initialized, skipping
Refreshing native plugins compatible for Editor in 0.79 ms, found 3 plugins.
Preloading 0 native plugins for Editor in 0.00 ms.
Unloading 3220 Unused Serialized files (Serialized files now loaded: 0)
Unloading 30 unused Assets / (21.9 KB). Loaded Objects now: 3734.
Memory consumption went from 123.8 MB to 123.8 MB.
Total: 4.183600 ms (FindLiveObjects: 0.309400 ms CreateObjectMapping: 0.251900 ms MarkObjects: 3.586300 ms  DeleteObjects: 0.034800 ms)

AssetImportParameters requested are different than current active one (requested -> active):
  custom:video-decoder-ogg-theora: a1e56fd34408186e4bbccfd4996cb3dc -> 
  custom:container-muxer-webm: aa71ff27fc2769a1b78a27578f13a17b -> 
  custom:container-demuxer-webm: 4f35f7cbe854078d1ac9338744f61a02 -> 
  custom:video-encoder-webm-vp8: eb34c28f22e8b96e1ab97ce403110664 -> 
  custom:video-codec-MediaFoundation-h265: 746d11721c4dcdbdad8f713fa42b33f4 -> 
  custom:CustomObjectIndexerAttribute: bc11b3a6c3213fcdd17b65e7da85e133 -> 
  custom:audio-encoder-webm-vorbis: bf7c407c2cedff20999df2af8eb42d56 -> 
  custom:framework-win-MediaFoundation: 216162199b28c13a410421893ffa2e32 -> 
  custom:SearchIndexIgnoredProperties: e643bd26f0fe6173181afceb89e7c659 -> 
  custom:container-demuxer-ogg: 62fdf1f143b41e24485cea50d1cbac27 -> 
  custom:video-decoder-webm-vp8: 9c59270c3fd7afecdb556c50c9e8de78 -> 
  custom:audio-decoder-ogg-vorbis: bf7c407c2cedff20999df2af8eb42d56 -> 
========================================================================
Received Prepare
Registering precompiled user dll's ...
Registered in 0.016749 seconds.
Begin MonoManager ReloadAssembly
Native extension for WindowsStandalone target not found
Refreshing native plugins compatible for Editor in 0.67 ms, found 3 plugins.
Preloading 0 native plugins for Editor in 0.00 ms.
[Package Manager] Server::EnsureServerProcessIsRunning -- launch failed, reason: Unity was launched with the -noUpm command-line argument
[Package Manager] Cannot connect to Unity Package Manager local server
Mono: successfully reloaded assembly
- Completed reload, in  1.766 seconds
Domain Reload Profiling:
	ReloadAssembly (1767ms)
		BeginReloadAssembly (174ms)
			ExecutionOrderSort (0ms)
			DisableScriptedObjects (7ms)
			BackupInstance (0ms)
			ReleaseScriptingObjects (0ms)
			CreateAndSetChildDomain (36ms)
		EndReloadAssembly (1480ms)
			LoadAssemblies (125ms)
			RebuildTransferFunctionScriptingTraits (0ms)
			SetupTypeCache (324ms)
			ReleaseScriptCaches (1ms)
			RebuildScriptCaches (49ms)
			SetupLoadedEditorAssemblies (969ms)
				LogAssemblyErrors (0ms)
				InitializePlatformSupportModulesInManaged (6ms)
				SetLoadedEditorAssemblies (1ms)
				RefreshPlugins (1ms)
				BeforeProcessingInitializeOnLoad (101ms)
				ProcessInitializeOnLoadAttributes (820ms)
				ProcessInitializeOnLoadMethodAttributes (29ms)
				AfterProcessingInitializeOnLoad (11ms)
				EditorAssembliesLoaded (0ms)
			ExecutionOrderSort2 (0ms)
			AwakeInstancesAfterBackupRestoration (8ms)
Platform modules already initialized, skipping
Refreshing native plugins compatible for Editor in 0.63 ms, found 3 plugins.
Preloading 0 native plugins for Editor in 0.00 ms.
Unloading 3220 Unused Serialized files (Serialized files now loaded: 0)
Unloading 30 unused Assets / (21.9 KB). Loaded Objects now: 3737.
Memory consumption went from 123.8 MB to 123.8 MB.
Total: 3.558700 ms (FindLiveObjects: 0.307300 ms CreateObjectMapping: 0.234400 ms MarkObjects: 2.983700 ms  DeleteObjects: 0.032000 ms)

AssetImportParameters requested are different than current active one (requested -> active):
  custom:video-decoder-ogg-theora: a1e56fd34408186e4bbccfd4996cb3dc -> 
  custom:container-muxer-webm: aa71ff27fc2769a1b78a27578f13a17b -> 
  custom:container-demuxer-webm: 4f35f7cbe854078d1ac9338744f61a02 -> 
  custom:video-encoder-webm-vp8: eb34c28f22e8b96e1ab97ce403110664 -> 
  custom:video-codec-MediaFoundation-h265: 746d11721c4dcdbdad8f713fa42b33f4 -> 
  custom:CustomObjectIndexerAttribute: bc11b3a6c3213fcdd17b65e7da85e133 -> 
  custom:audio-encoder-webm-vorbis: bf7c407c2cedff20999df2af8eb42d56 -> 
  custom:framework-win-MediaFoundation: 216162199b28c13a410421893ffa2e32 -> 
  custom:SearchIndexIgnoredProperties: e643bd26f0fe6173181afceb89e7c659 -> 
  custom:container-demuxer-ogg: 62fdf1f143b41e24485cea50d1cbac27 -> 
  custom:video-decoder-webm-vp8: 9c59270c3fd7afecdb556c50c9e8de78 -> 
  custom:audio-decoder-ogg-vorbis: bf7c407c2cedff20999df2af8eb42d56 -> 
========================================================================
Received Prepare
Registering precompiled user dll's ...
Registered in 0.013750 seconds.
Begin MonoManager ReloadAssembly
Native extension for WindowsStandalone target not found
Refreshing native plugins compatible for Editor in 0.63 ms, found 3 plugins.
Preloading 0 native plugins for Editor in 0.00 ms.
[Package Manager] Server::EnsureServerProcessIsRunning -- launch failed, reason: Unity was launched with the -noUpm command-line argument
[Package Manager] Cannot connect to Unity Package Manager local server
Mono: successfully reloaded assembly
- Completed reload, in  1.779 seconds
Domain Reload Profiling:
	ReloadAssembly (1780ms)
		BeginReloadAssembly (181ms)
			ExecutionOrderSort (0ms)
			DisableScriptedObjects (8ms)
			BackupInstance (0ms)
			ReleaseScriptingObjects (0ms)
			CreateAndSetChildDomain (37ms)
		EndReloadAssembly (1480ms)
			LoadAssemblies (128ms)
			RebuildTransferFunctionScriptingTraits (0ms)
			SetupTypeCache (324ms)
			ReleaseScriptCaches (1ms)
			RebuildScriptCaches (51ms)
			SetupLoadedEditorAssemblies (956ms)
				LogAssemblyErrors (0ms)
				InitializePlatformSupportModulesInManaged (6ms)
				SetLoadedEditorAssemblies (1ms)
				RefreshPlugins (1ms)
				BeforeProcessingInitializeOnLoad (86ms)
				ProcessInitializeOnLoadAttributes (814ms)
				ProcessInitializeOnLoadMethodAttributes (35ms)
				AfterProcessingInitializeOnLoad (13ms)
				EditorAssembliesLoaded (0ms)
			ExecutionOrderSort2 (0ms)
			AwakeInstancesAfterBackupRestoration (9ms)
Platform modules already initialized, skipping
Refreshing native plugins compatible for Editor in 0.70 ms, found 3 plugins.
Preloading 0 native plugins for Editor in 0.00 ms.
Unloading 3220 Unused Serialized files (Serialized files now loaded: 0)
Unloading 30 unused Assets / (22.0 KB). Loaded Objects now: 3740.
Memory consumption went from 123.8 MB to 123.8 MB.
Total: 4.119900 ms (FindLiveObjects: 0.326800 ms CreateObjectMapping: 0.382100 ms MarkObjects: 3.375200 ms  DeleteObjects: 0.033400 ms)

AssetImportParameters requested are different than current active one (requested -> active):
  custom:video-decoder-ogg-theora: a1e56fd34408186e4bbccfd4996cb3dc -> 
  custom:container-muxer-webm: aa71ff27fc2769a1b78a27578f13a17b -> 
  custom:container-demuxer-webm: 4f35f7cbe854078d1ac9338744f61a02 -> 
  custom:video-encoder-webm-vp8: eb34c28f22e8b96e1ab97ce403110664 -> 
  custom:video-codec-MediaFoundation-h265: 746d11721c4dcdbdad8f713fa42b33f4 -> 
  custom:CustomObjectIndexerAttribute: bc11b3a6c3213fcdd17b65e7da85e133 -> 
  custom:audio-encoder-webm-vorbis: bf7c407c2cedff20999df2af8eb42d56 -> 
  custom:framework-win-MediaFoundation: 216162199b28c13a410421893ffa2e32 -> 
  custom:SearchIndexIgnoredProperties: e643bd26f0fe6173181afceb89e7c659 -> 
  custom:container-demuxer-ogg: 62fdf1f143b41e24485cea50d1cbac27 -> 
  custom:video-decoder-webm-vp8: 9c59270c3fd7afecdb556c50c9e8de78 -> 
  custom:audio-decoder-ogg-vorbis: bf7c407c2cedff20999df2af8eb42d56 -> 
========================================================================
Received Prepare
Registering precompiled user dll's ...
Registered in 0.015782 seconds.
Begin MonoManager ReloadAssembly
Native extension for WindowsStandalone target not found
Refreshing native plugins compatible for Editor in 0.65 ms, found 3 plugins.
Preloading 0 native plugins for Editor in 0.00 ms.
[Package Manager] Server::EnsureServerProcessIsRunning -- launch failed, reason: Unity was launched with the -noUpm command-line argument
[Package Manager] Cannot connect to Unity Package Manager local server
Mono: successfully reloaded assembly
- Completed reload, in  1.691 seconds
Domain Reload Profiling:
	ReloadAssembly (1692ms)
		BeginReloadAssembly (173ms)
			ExecutionOrderSort (0ms)
			DisableScriptedObjects (7ms)
			BackupInstance (0ms)
			ReleaseScriptingObjects (0ms)
			CreateAndSetChildDomain (39ms)
		EndReloadAssembly (1406ms)
			LoadAssemblies (122ms)
			RebuildTransferFunctionScriptingTraits (0ms)
			SetupTypeCache (313ms)
			ReleaseScriptCaches (1ms)
			RebuildScriptCaches (47ms)
			SetupLoadedEditorAssemblies (905ms)
				LogAssemblyErrors (0ms)
				InitializePlatformSupportModulesInManaged (6ms)
				SetLoadedEditorAssemblies (1ms)
				RefreshPlugins (1ms)
				BeforeProcessingInitializeOnLoad (83ms)
				ProcessInitializeOnLoadAttributes (774ms)
				ProcessInitializeOnLoadMethodAttributes (30ms)
				AfterProcessingInitializeOnLoad (11ms)
				EditorAssembliesLoaded (0ms)
			ExecutionOrderSort2 (0ms)
			AwakeInstancesAfterBackupRestoration (8ms)
Platform modules already initialized, skipping
Refreshing native plugins compatible for Editor in 0.89 ms, found 3 plugins.
Preloading 0 native plugins for Editor in 0.00 ms.
Unloading 3220 Unused Serialized files (Serialized files now loaded: 0)
Unloading 30 unused Assets / (21.9 KB). Loaded Objects now: 3743.
Memory consumption went from 123.8 MB to 123.8 MB.
Total: 4.496100 ms (FindLiveObjects: 0.358700 ms CreateObjectMapping: 0.295000 ms MarkObjects: 3.791400 ms  DeleteObjects: 0.049200 ms)

AssetImportParameters requested are different than current active one (requested -> active):
  custom:video-decoder-ogg-theora: a1e56fd34408186e4bbccfd4996cb3dc -> 
  custom:container-muxer-webm: aa71ff27fc2769a1b78a27578f13a17b -> 
  custom:container-demuxer-webm: 4f35f7cbe854078d1ac9338744f61a02 -> 
  custom:video-encoder-webm-vp8: eb34c28f22e8b96e1ab97ce403110664 -> 
  custom:video-codec-MediaFoundation-h265: 746d11721c4dcdbdad8f713fa42b33f4 -> 
  custom:CustomObjectIndexerAttribute: bc11b3a6c3213fcdd17b65e7da85e133 -> 
  custom:audio-encoder-webm-vorbis: bf7c407c2cedff20999df2af8eb42d56 -> 
  custom:framework-win-MediaFoundation: 216162199b28c13a410421893ffa2e32 -> 
  custom:SearchIndexIgnoredProperties: e643bd26f0fe6173181afceb89e7c659 -> 
  custom:container-demuxer-ogg: 62fdf1f143b41e24485cea50d1cbac27 -> 
  custom:video-decoder-webm-vp8: 9c59270c3fd7afecdb556c50c9e8de78 -> 
  custom:audio-decoder-ogg-vorbis: bf7c407c2cedff20999df2af8eb42d56 -> 
========================================================================
Received Import Request.
  Time since last request: 1065.965465 seconds.
  path: Assets/_Game/Prefabs/Level/Level2/Level2.prefab
  artifactKey: Guid(774bca7fe60215b40949078eb03bb878) Importer(815301076,1909f56bfc062723c751e8b465ee728b)
Number of updated assets reloaded before import = 0
Start importing Assets/_Game/Prefabs/Level/Level2/Level2.prefab using Guid(774bca7fe60215b40949078eb03bb878) Importer(815301076,1909f56bfc062723c751e8b465ee728b)  -> (artifact id: 'a4b6cd7cf8a15c33b98a18bd524ed931') in 0.301628 seconds 
Number of asset objects unloaded after import = 5758
========================================================================
Received Import Request.
  Time since last request: 12.093778 seconds.
  path: Assets/_Game/Prefabs/Level/Level4/Level4.prefab
  artifactKey: Guid(dd28a6f78cd18204a9c49acc1e8426fd) Importer(815301076,1909f56bfc062723c751e8b465ee728b)
Number of updated assets reloaded before import = 0
Start importing Assets/_Game/Prefabs/Level/Level4/Level4.prefab using Guid(dd28a6f78cd18204a9c49acc1e8426fd) Importer(815301076,1909f56bfc062723c751e8b465ee728b)  -> (artifact id: 'c27737277fd1ed561666d0cf53045a31') in 0.187213 seconds 
Number of asset objects unloaded after import = 11519
========================================================================
Received Import Request.
  Time since last request: 7.302540 seconds.
  path: Assets/_Game/Prefabs/Level/Level2/Level 2.prefab
  artifactKey: Guid(668712fff8de85546b7b4fe1bee56d19) Importer(815301076,1909f56bfc062723c751e8b465ee728b)
Number of updated assets reloaded before import = 0
Start importing Assets/_Game/Prefabs/Level/Level2/Level 2.prefab using Guid(668712fff8de85546b7b4fe1bee56d19) Importer(815301076,1909f56bfc062723c751e8b465ee728b)  -> (artifact id: '8fc2d3ad9d38f909bf10526d90cd7ce7') in 0.197417 seconds 
Number of asset objects unloaded after import = 9756
========================================================================
Received Import Request.
  Time since last request: 6.999133 seconds.
  path: Assets/_Game/Prefabs/Level/Level3/Level 3.prefab
  artifactKey: Guid(dd28a6f78cd18204a9c49acc1e8426fd) Importer(815301076,1909f56bfc062723c751e8b465ee728b)
Number of updated assets reloaded before import = 0
Start importing Assets/_Game/Prefabs/Level/Level3/Level 3.prefab using Guid(dd28a6f78cd18204a9c49acc1e8426fd) Importer(815301076,1909f56bfc062723c751e8b465ee728b)  -> (artifact id: '5075c75b52cf9fb60527260ee1f67c1a') in 0.220602 seconds 
Number of asset objects unloaded after import = 11519
========================================================================
Received Import Request.
  Time since last request: 10.932276 seconds.
  path: Assets/_Game/Prefabs/Level/Level1/Level 1.prefab
  artifactKey: Guid(52440235be7b752429745badf61c2412) Importer(815301076,1909f56bfc062723c751e8b465ee728b)
Number of updated assets reloaded before import = 0
Start importing Assets/_Game/Prefabs/Level/Level1/Level 1.prefab using Guid(52440235be7b752429745badf61c2412) Importer(815301076,1909f56bfc062723c751e8b465ee728b)  -> (artifact id: 'c86025173bc1f15d32b7478531d17490') in 0.125408 seconds 
Number of asset objects unloaded after import = 5790
========================================================================
Received Prepare
Registering precompiled user dll's ...
Registered in 0.014485 seconds.
Begin MonoManager ReloadAssembly
Native extension for WindowsStandalone target not found
Refreshing native plugins compatible for Editor in 0.68 ms, found 3 plugins.
Preloading 0 native plugins for Editor in 0.00 ms.
[Package Manager] Server::EnsureServerProcessIsRunning -- launch failed, reason: Unity was launched with the -noUpm command-line argument
[Package Manager] Cannot connect to Unity Package Manager local server
Mono: successfully reloaded assembly
- Completed reload, in  1.835 seconds
Domain Reload Profiling:
	ReloadAssembly (1836ms)
		BeginReloadAssembly (166ms)
			ExecutionOrderSort (0ms)
			DisableScriptedObjects (6ms)
			BackupInstance (0ms)
			ReleaseScriptingObjects (0ms)
			CreateAndSetChildDomain (38ms)
		EndReloadAssembly (1513ms)
			LoadAssemblies (134ms)
			RebuildTransferFunctionScriptingTraits (0ms)
			SetupTypeCache (284ms)
			ReleaseScriptCaches (1ms)
			RebuildScriptCaches (44ms)
			SetupLoadedEditorAssemblies (1016ms)
				LogAssemblyErrors (0ms)
				InitializePlatformSupportModulesInManaged (5ms)
				SetLoadedEditorAssemblies (1ms)
				RefreshPlugins (1ms)
				BeforeProcessingInitializeOnLoad (77ms)
				ProcessInitializeOnLoadAttributes (872ms)
				ProcessInitializeOnLoadMethodAttributes (43ms)
				AfterProcessingInitializeOnLoad (18ms)
				EditorAssembliesLoaded (0ms)
			ExecutionOrderSort2 (0ms)
			AwakeInstancesAfterBackupRestoration (13ms)
Platform modules already initialized, skipping
Refreshing native plugins compatible for Editor in 1.92 ms, found 3 plugins.
Preloading 0 native plugins for Editor in 0.00 ms.
Unloading 3220 Unused Serialized files (Serialized files now loaded: 0)
Unloading 32 unused Assets / (22.8 KB). Loaded Objects now: 3746.
Memory consumption went from 127.2 MB to 127.2 MB.
Total: 7.241700 ms (FindLiveObjects: 0.545900 ms CreateObjectMapping: 0.540700 ms MarkObjects: 6.038500 ms  DeleteObjects: 0.114900 ms)

AssetImportParameters requested are different than current active one (requested -> active):
  custom:video-decoder-ogg-theora: a1e56fd34408186e4bbccfd4996cb3dc -> 
  custom:container-muxer-webm: aa71ff27fc2769a1b78a27578f13a17b -> 
  custom:container-demuxer-webm: 4f35f7cbe854078d1ac9338744f61a02 -> 
  custom:video-encoder-webm-vp8: eb34c28f22e8b96e1ab97ce403110664 -> 
  custom:video-codec-MediaFoundation-h265: 746d11721c4dcdbdad8f713fa42b33f4 -> 
  custom:CustomObjectIndexerAttribute: bc11b3a6c3213fcdd17b65e7da85e133 -> 
  custom:audio-encoder-webm-vorbis: bf7c407c2cedff20999df2af8eb42d56 -> 
  custom:framework-win-MediaFoundation: 216162199b28c13a410421893ffa2e32 -> 
  custom:SearchIndexIgnoredProperties: e643bd26f0fe6173181afceb89e7c659 -> 
  custom:container-demuxer-ogg: 62fdf1f143b41e24485cea50d1cbac27 -> 
  custom:video-decoder-webm-vp8: 9c59270c3fd7afecdb556c50c9e8de78 -> 
  custom:audio-decoder-ogg-vorbis: bf7c407c2cedff20999df2af8eb42d56 -> 
========================================================================
Received Prepare
Registering precompiled user dll's ...
Registered in 0.018186 seconds.
Begin MonoManager ReloadAssembly
Native extension for WindowsStandalone target not found
Refreshing native plugins compatible for Editor in 0.69 ms, found 3 plugins.
Preloading 0 native plugins for Editor in 0.00 ms.
[Package Manager] Server::EnsureServerProcessIsRunning -- launch failed, reason: Unity was launched with the -noUpm command-line argument
[Package Manager] Cannot connect to Unity Package Manager local server
Mono: successfully reloaded assembly
- Completed reload, in  1.892 seconds
Domain Reload Profiling:
	ReloadAssembly (1893ms)
		BeginReloadAssembly (193ms)
			ExecutionOrderSort (0ms)
			DisableScriptedObjects (9ms)
			BackupInstance (0ms)
			ReleaseScriptingObjects (0ms)
			CreateAndSetChildDomain (40ms)
		EndReloadAssembly (1571ms)
			LoadAssemblies (134ms)
			RebuildTransferFunctionScriptingTraits (0ms)
			SetupTypeCache (353ms)
			ReleaseScriptCaches (1ms)
			RebuildScriptCaches (52ms)
			SetupLoadedEditorAssemblies (1011ms)
				LogAssemblyErrors (0ms)
				InitializePlatformSupportModulesInManaged (7ms)
				SetLoadedEditorAssemblies (1ms)
				RefreshPlugins (1ms)
				BeforeProcessingInitializeOnLoad (93ms)
				ProcessInitializeOnLoadAttributes (855ms)
				ProcessInitializeOnLoadMethodAttributes (39ms)
				AfterProcessingInitializeOnLoad (15ms)
				EditorAssembliesLoaded (0ms)
			ExecutionOrderSort2 (0ms)
			AwakeInstancesAfterBackupRestoration (10ms)
Platform modules already initialized, skipping
Refreshing native plugins compatible for Editor in 0.76 ms, found 3 plugins.
Preloading 0 native plugins for Editor in 0.00 ms.
Unloading 3220 Unused Serialized files (Serialized files now loaded: 0)
Unloading 30 unused Assets / (22.0 KB). Loaded Objects now: 3749.
Memory consumption went from 127.3 MB to 127.2 MB.
Total: 4.270400 ms (FindLiveObjects: 0.330300 ms CreateObjectMapping: 0.336300 ms MarkObjects: 3.558100 ms  DeleteObjects: 0.043700 ms)

AssetImportParameters requested are different than current active one (requested -> active):
  custom:video-decoder-ogg-theora: a1e56fd34408186e4bbccfd4996cb3dc -> 
  custom:container-muxer-webm: aa71ff27fc2769a1b78a27578f13a17b -> 
  custom:container-demuxer-webm: 4f35f7cbe854078d1ac9338744f61a02 -> 
  custom:video-encoder-webm-vp8: eb34c28f22e8b96e1ab97ce403110664 -> 
  custom:video-codec-MediaFoundation-h265: 746d11721c4dcdbdad8f713fa42b33f4 -> 
  custom:CustomObjectIndexerAttribute: bc11b3a6c3213fcdd17b65e7da85e133 -> 
  custom:audio-encoder-webm-vorbis: bf7c407c2cedff20999df2af8eb42d56 -> 
  custom:framework-win-MediaFoundation: 216162199b28c13a410421893ffa2e32 -> 
  custom:SearchIndexIgnoredProperties: e643bd26f0fe6173181afceb89e7c659 -> 
  custom:container-demuxer-ogg: 62fdf1f143b41e24485cea50d1cbac27 -> 
  custom:video-decoder-webm-vp8: 9c59270c3fd7afecdb556c50c9e8de78 -> 
  custom:audio-decoder-ogg-vorbis: bf7c407c2cedff20999df2af8eb42d56 -> 
========================================================================
Received Prepare
Registering precompiled user dll's ...
Registered in 0.015777 seconds.
Begin MonoManager ReloadAssembly
Native extension for WindowsStandalone target not found
Refreshing native plugins compatible for Editor in 0.58 ms, found 3 plugins.
Preloading 0 native plugins for Editor in 0.00 ms.
[Package Manager] Server::EnsureServerProcessIsRunning -- launch failed, reason: Unity was launched with the -noUpm command-line argument
[Package Manager] Cannot connect to Unity Package Manager local server
Mono: successfully reloaded assembly
- Completed reload, in  1.717 seconds
Domain Reload Profiling:
	ReloadAssembly (1718ms)
		BeginReloadAssembly (170ms)
			ExecutionOrderSort (0ms)
			DisableScriptedObjects (9ms)
			BackupInstance (0ms)
			ReleaseScriptingObjects (0ms)
			CreateAndSetChildDomain (39ms)
		EndReloadAssembly (1442ms)
			LoadAssemblies (113ms)
			RebuildTransferFunctionScriptingTraits (0ms)
			SetupTypeCache (272ms)
			ReleaseScriptCaches (1ms)
			RebuildScriptCaches (41ms)
			SetupLoadedEditorAssemblies (999ms)
				LogAssemblyErrors (0ms)
				InitializePlatformSupportModulesInManaged (6ms)
				SetLoadedEditorAssemblies (0ms)
				RefreshPlugins (1ms)
				BeforeProcessingInitializeOnLoad (77ms)
				ProcessInitializeOnLoadAttributes (860ms)
				ProcessInitializeOnLoadMethodAttributes (40ms)
				AfterProcessingInitializeOnLoad (13ms)
				EditorAssembliesLoaded (0ms)
			ExecutionOrderSort2 (0ms)
			AwakeInstancesAfterBackupRestoration (10ms)
Platform modules already initialized, skipping
Refreshing native plugins compatible for Editor in 0.94 ms, found 3 plugins.
Preloading 0 native plugins for Editor in 0.00 ms.
Unloading 3220 Unused Serialized files (Serialized files now loaded: 0)
Unloading 30 unused Assets / (21.9 KB). Loaded Objects now: 3752.
Memory consumption went from 127.3 MB to 127.2 MB.
Total: 4.748200 ms (FindLiveObjects: 0.417700 ms CreateObjectMapping: 0.307300 ms MarkObjects: 3.945500 ms  DeleteObjects: 0.076400 ms)

AssetImportParameters requested are different than current active one (requested -> active):
  custom:video-decoder-ogg-theora: a1e56fd34408186e4bbccfd4996cb3dc -> 
  custom:container-muxer-webm: aa71ff27fc2769a1b78a27578f13a17b -> 
  custom:container-demuxer-webm: 4f35f7cbe854078d1ac9338744f61a02 -> 
  custom:video-encoder-webm-vp8: eb34c28f22e8b96e1ab97ce403110664 -> 
  custom:video-codec-MediaFoundation-h265: 746d11721c4dcdbdad8f713fa42b33f4 -> 
  custom:CustomObjectIndexerAttribute: bc11b3a6c3213fcdd17b65e7da85e133 -> 
  custom:audio-encoder-webm-vorbis: bf7c407c2cedff20999df2af8eb42d56 -> 
  custom:framework-win-MediaFoundation: 216162199b28c13a410421893ffa2e32 -> 
  custom:SearchIndexIgnoredProperties: e643bd26f0fe6173181afceb89e7c659 -> 
  custom:container-demuxer-ogg: 62fdf1f143b41e24485cea50d1cbac27 -> 
  custom:video-decoder-webm-vp8: 9c59270c3fd7afecdb556c50c9e8de78 -> 
  custom:audio-decoder-ogg-vorbis: bf7c407c2cedff20999df2af8eb42d56 -> 
========================================================================
Received Import Request.
  Time since last request: 538.927221 seconds.
  path: Assets/_Game/Prefabs/Level/Level2/Prefabs/long_brick.prefab
  artifactKey: Guid(a02e89ad1ba95054ab2c6f6b870d9277) Importer(815301076,1909f56bfc062723c751e8b465ee728b)
Number of updated assets reloaded before import = 0
Start importing Assets/_Game/Prefabs/Level/Level2/Prefabs/long_brick.prefab using Guid(a02e89ad1ba95054ab2c6f6b870d9277) Importer(815301076,1909f56bfc062723c751e8b465ee728b)  -> (artifact id: '9865d74047fe73b77f5ce1f5d0c003d4') in 0.072284 seconds 
Number of asset objects unloaded after import = 10
========================================================================
Received Import Request.
  Time since last request: 47.175230 seconds.
  path: Assets/_Game/Prefabs/Level/Level2/Prefabs/long_brick.prefab
  artifactKey: Guid(a02e89ad1ba95054ab2c6f6b870d9277) Importer(815301076,1909f56bfc062723c751e8b465ee728b)
Number of updated assets reloaded before import = 0
Start importing Assets/_Game/Prefabs/Level/Level2/Prefabs/long_brick.prefab using Guid(a02e89ad1ba95054ab2c6f6b870d9277) Importer(815301076,1909f56bfc062723c751e8b465ee728b)  -> (artifact id: 'cc1c28f37d5dbb9cbc6b6cecf23535ac') in 0.021087 seconds 
Number of asset objects unloaded after import = 11
========================================================================
Received Import Request.
  Time since last request: 22.449591 seconds.
  path: Assets/_Game/Prefabs/Level/Level2/Prefabs/long_ground.prefab
  artifactKey: Guid(d1f24307a2c699840bfa9f2f76f45f1d) Importer(815301076,1909f56bfc062723c751e8b465ee728b)
Number of updated assets reloaded before import = 0
Start importing Assets/_Game/Prefabs/Level/Level2/Prefabs/long_ground.prefab using Guid(d1f24307a2c699840bfa9f2f76f45f1d) Importer(815301076,1909f56bfc062723c751e8b465ee728b)  -> (artifact id: 'c1d8bdbd0370edaaf4bd29c32d172c51') in 0.021608 seconds 
Number of asset objects unloaded after import = 10
========================================================================
Received Import Request.
  Time since last request: 49.106661 seconds.
  path: Assets/_Game/Prefabs/Level/Level2/Prefabs/long_ground.prefab
  artifactKey: Guid(d1f24307a2c699840bfa9f2f76f45f1d) Importer(815301076,1909f56bfc062723c751e8b465ee728b)
Number of updated assets reloaded before import = 0
Start importing Assets/_Game/Prefabs/Level/Level2/Prefabs/long_ground.prefab using Guid(d1f24307a2c699840bfa9f2f76f45f1d) Importer(815301076,1909f56bfc062723c751e8b465ee728b)  -> (artifact id: '360c806662838d56bf332516005cc369') in 0.016388 seconds 
Number of asset objects unloaded after import = 10
========================================================================
Received Import Request.
  Time since last request: 5.453991 seconds.
  path: Assets/_Game/Prefabs/Level/Level2/Level 2.prefab
  artifactKey: Guid(668712fff8de85546b7b4fe1bee56d19) Importer(815301076,1909f56bfc062723c751e8b465ee728b)
Number of updated assets reloaded before import = 0
Start importing Assets/_Game/Prefabs/Level/Level2/Level 2.prefab using Guid(668712fff8de85546b7b4fe1bee56d19) Importer(815301076,1909f56bfc062723c751e8b465ee728b)  -> (artifact id: '3d262abbb97aacb19d17959cecfcd1da') in 0.167455 seconds 
Number of asset objects unloaded after import = 9765
========================================================================
Received Import Request.
  Time since last request: 25.671109 seconds.
  path: Assets/_Game/Prefabs/Level/Level2/Level 2.prefab
  artifactKey: Guid(668712fff8de85546b7b4fe1bee56d19) Importer(815301076,1909f56bfc062723c751e8b465ee728b)
Number of updated assets reloaded before import = 0
Start importing Assets/_Game/Prefabs/Level/Level2/Level 2.prefab using Guid(668712fff8de85546b7b4fe1bee56d19) Importer(815301076,1909f56bfc062723c751e8b465ee728b)  -> (artifact id: '76ea76e6f708d67b4981b8cb4f7fc56f') in 0.186736 seconds 
Number of asset objects unloaded after import = 9660
========================================================================
Received Import Request.
  Time since last request: 23.357949 seconds.
  path: Assets/_Game/Prefabs/Level/Level2/Level 2.prefab
  artifactKey: Guid(668712fff8de85546b7b4fe1bee56d19) Importer(815301076,1909f56bfc062723c751e8b465ee728b)
Number of updated assets reloaded before import = 0
Start importing Assets/_Game/Prefabs/Level/Level2/Level 2.prefab using Guid(668712fff8de85546b7b4fe1bee56d19) Importer(815301076,1909f56bfc062723c751e8b465ee728b)  -> (artifact id: 'e7e7c5d555f70d5aa3b739df622b8c74') in 0.173901 seconds 
Number of asset objects unloaded after import = 9630
========================================================================
Received Import Request.
  Time since last request: 5.247907 seconds.
  path: Assets/_Game/Prefabs/Level/Level2/Level 2.prefab
  artifactKey: Guid(668712fff8de85546b7b4fe1bee56d19) Importer(815301076,1909f56bfc062723c751e8b465ee728b)
Number of updated assets reloaded before import = 0
Start importing Assets/_Game/Prefabs/Level/Level2/Level 2.prefab using Guid(668712fff8de85546b7b4fe1bee56d19) Importer(815301076,1909f56bfc062723c751e8b465ee728b)  -> (artifact id: '73e5fdf3aee235b066744671cc7a330d') in 0.207005 seconds 
Number of asset objects unloaded after import = 9624
========================================================================
Received Import Request.
  Time since last request: 24.640353 seconds.
  path: Assets/_Game/Prefabs/Level/Level2/Level 2.prefab
  artifactKey: Guid(668712fff8de85546b7b4fe1bee56d19) Importer(815301076,1909f56bfc062723c751e8b465ee728b)
Number of updated assets reloaded before import = 0
Start importing Assets/_Game/Prefabs/Level/Level2/Level 2.prefab using Guid(668712fff8de85546b7b4fe1bee56d19) Importer(815301076,1909f56bfc062723c751e8b465ee728b)  -> (artifact id: 'cfe14f6d4db343161d2b18a5186160b1') in 0.206288 seconds 
Number of asset objects unloaded after import = 9606
========================================================================
Received Import Request.
  Time since last request: 18.580284 seconds.
  path: Assets/_Game/Prefabs/Level/Level2/Level 2.prefab
  artifactKey: Guid(668712fff8de85546b7b4fe1bee56d19) Importer(815301076,1909f56bfc062723c751e8b465ee728b)
Number of updated assets reloaded before import = 0
Start importing Assets/_Game/Prefabs/Level/Level2/Level 2.prefab using Guid(668712fff8de85546b7b4fe1bee56d19) Importer(815301076,1909f56bfc062723c751e8b465ee728b)  -> (artifact id: 'c5be696a164abde7736a009318101428') in 0.170039 seconds 
Number of asset objects unloaded after import = 9539
========================================================================
Received Import Request.
  Time since last request: 844.231492 seconds.
  path: Assets/_Game/Prefabs/Level/Level2/Prefabs/wall_brick 1.prefab
  artifactKey: Guid(7baf76a06b39b874a8011a393b2378e3) Importer(815301076,1909f56bfc062723c751e8b465ee728b)
Number of updated assets reloaded before import = 0
Start importing Assets/_Game/Prefabs/Level/Level2/Prefabs/wall_brick 1.prefab using Guid(7baf76a06b39b874a8011a393b2378e3) Importer(815301076,1909f56bfc062723c751e8b465ee728b)  -> (artifact id: '7e66507d6e1ab29b99e3c161aebe95e4') in 0.015428 seconds 
Number of asset objects unloaded after import = 9
========================================================================
Received Import Request.
  Time since last request: 5.425702 seconds.
  path: Assets/_Game/Prefabs/Level/Level2/Prefabs/wall_brick orange.prefab
  artifactKey: Guid(7baf76a06b39b874a8011a393b2378e3) Importer(815301076,1909f56bfc062723c751e8b465ee728b)
Number of updated assets reloaded before import = 0
Start importing Assets/_Game/Prefabs/Level/Level2/Prefabs/wall_brick orange.prefab using Guid(7baf76a06b39b874a8011a393b2378e3) Importer(815301076,1909f56bfc062723c751e8b465ee728b)  -> (artifact id: '0f8cd2c60ec8dbf563a25c3646cb8443') in 0.016506 seconds 
Number of asset objects unloaded after import = 9
========================================================================
Received Import Request.
  Time since last request: 10.081978 seconds.
  path: Assets/_Game/Prefabs/Level/Level2/Prefabs/wall_brick orange.prefab
  artifactKey: Guid(7baf76a06b39b874a8011a393b2378e3) Importer(815301076,1909f56bfc062723c751e8b465ee728b)
Number of updated assets reloaded before import = 0
Start importing Assets/_Game/Prefabs/Level/Level2/Prefabs/wall_brick orange.prefab using Guid(7baf76a06b39b874a8011a393b2378e3) Importer(815301076,1909f56bfc062723c751e8b465ee728b)  -> (artifact id: '8ba2fa001df59ab588970bf1ed1f1f61') in 0.014127 seconds 
Number of asset objects unloaded after import = 10
========================================================================
Received Import Request.
  Time since last request: 3.760920 seconds.
  path: Assets/_Game/Prefabs/Level/Level2/Level 2.prefab
  artifactKey: Guid(668712fff8de85546b7b4fe1bee56d19) Importer(815301076,1909f56bfc062723c751e8b465ee728b)
Number of updated assets reloaded before import = 0
Start importing Assets/_Game/Prefabs/Level/Level2/Level 2.prefab using Guid(668712fff8de85546b7b4fe1bee56d19) Importer(815301076,1909f56bfc062723c751e8b465ee728b)  -> (artifact id: '562cf6f0e0af657e23cfb17b0c17767e') in 0.183708 seconds 
Number of asset objects unloaded after import = 10761
========================================================================
Received Import Request.
  Time since last request: 104.201115 seconds.
  path: Assets/_MazeMakerAssets/Material/export_uv_wireframe1.1001.mat
  artifactKey: Guid(51b57f93b2e302145939615f0e70483a) Importer(815301076,1909f56bfc062723c751e8b465ee728b)
Number of updated assets reloaded before import = 0
Start importing Assets/_MazeMakerAssets/Material/export_uv_wireframe1.1001.mat using Guid(51b57f93b2e302145939615f0e70483a) Importer(815301076,1909f56bfc062723c751e8b465ee728b)  -> (artifact id: '333b2f5fbd111bc98e29698bf6fbac01') in 0.036968 seconds 
Number of asset objects unloaded after import = 2
========================================================================
Received Import Request.
  Time since last request: 46.604857 seconds.
  path: Assets/_Game/Prefabs/Level/Level2/Level 2.prefab
  artifactKey: Guid(668712fff8de85546b7b4fe1bee56d19) Importer(815301076,1909f56bfc062723c751e8b465ee728b)
Number of updated assets reloaded before import = 0
Start importing Assets/_Game/Prefabs/Level/Level2/Level 2.prefab using Guid(668712fff8de85546b7b4fe1bee56d19) Importer(815301076,1909f56bfc062723c751e8b465ee728b)  -> (artifact id: 'c3c08d511a093e4ed12046b54ecd84c3') in 0.261095 seconds 
Number of asset objects unloaded after import = 11113
========================================================================
Received Import Request.
  Time since last request: 2.126841 seconds.
  path: Assets/_Game/Prefabs/light07_0.prefab
  artifactKey: Guid(a3e8627d36bf52d42876d9d3406a253e) Importer(815301076,1909f56bfc062723c751e8b465ee728b)
Number of updated assets reloaded before import = 0
Start importing Assets/_Game/Prefabs/light07_0.prefab using Guid(a3e8627d36bf52d42876d9d3406a253e) Importer(815301076,1909f56bfc062723c751e8b465ee728b)  -> (artifact id: '43f4cf78e59ddae2aea3b416c830f615') in 0.040959 seconds 
Number of asset objects unloaded after import = 19
========================================================================
Received Import Request.
  Time since last request: 16.843220 seconds.
  path: Assets/_MazeMakerAssets/Resources/prefab/zuanshi.prefab
  artifactKey: Guid(08903edef1bc6f44d80f73e76f9e0811) Importer(815301076,1909f56bfc062723c751e8b465ee728b)
Number of updated assets reloaded before import = 0
Start importing Assets/_MazeMakerAssets/Resources/prefab/zuanshi.prefab using Guid(08903edef1bc6f44d80f73e76f9e0811) Importer(815301076,1909f56bfc062723c751e8b465ee728b)  -> (artifact id: '6050d7c739f3b436001275fa619ec1f8') in 0.089387 seconds 
Number of asset objects unloaded after import = 29
========================================================================
Received Import Request.
  Time since last request: 0.184674 seconds.
  path: Assets/_MazeMakerAssets/Resources/prefab/zuanshi002.prefab
  artifactKey: Guid(c9a44e75dfe564e468f247ea3c99ee57) Importer(815301076,1909f56bfc062723c751e8b465ee728b)
Number of updated assets reloaded before import = 0
Start importing Assets/_MazeMakerAssets/Resources/prefab/zuanshi002.prefab using Guid(c9a44e75dfe564e468f247ea3c99ee57) Importer(815301076,1909f56bfc062723c751e8b465ee728b)  -> (artifact id: '2aae71c048006e714cc143b94a3b34fc') in 0.040924 seconds 
Number of asset objects unloaded after import = 28
========================================================================
Received Import Request.
  Time since last request: 451.160523 seconds.
  path: Assets/_MazeMakerAssets/Texture2D/Materials/1.1.mat
  artifactKey: Guid(b06f529b782ff4b4dbedfc832cb0f032) Importer(815301076,1909f56bfc062723c751e8b465ee728b)
Number of updated assets reloaded before import = 0
Start importing Assets/_MazeMakerAssets/Texture2D/Materials/1.1.mat using Guid(b06f529b782ff4b4dbedfc832cb0f032) Importer(815301076,1909f56bfc062723c751e8b465ee728b)  -> (artifact id: '2f341c00c3b792d2d02f5c0095024870') in 0.065806 seconds 
Number of asset objects unloaded after import = 2
========================================================================
Received Import Request.
  Time since last request: 17.839779 seconds.
  path: Assets/_Game/Materials/New Material 1.mat
  artifactKey: Guid(40cbf5b215dabc44da7c531a6ff2741f) Importer(815301076,1909f56bfc062723c751e8b465ee728b)
Number of updated assets reloaded before import = 0
Start importing Assets/_Game/Materials/New Material 1.mat using Guid(40cbf5b215dabc44da7c531a6ff2741f) Importer(815301076,1909f56bfc062723c751e8b465ee728b)  -> (artifact id: '7fad97185ed9adb8d884f19a96ccd005') in 0.020215 seconds 
Number of asset objects unloaded after import = 1
========================================================================
Received Import Request.
  Time since last request: 53.383845 seconds.
  path: Assets/_Game/Prefabs/Level/Level2/Level 2.prefab
  artifactKey: Guid(668712fff8de85546b7b4fe1bee56d19) Importer(815301076,1909f56bfc062723c751e8b465ee728b)
Number of updated assets reloaded before import = 0
Start importing Assets/_Game/Prefabs/Level/Level2/Level 2.prefab using Guid(668712fff8de85546b7b4fe1bee56d19) Importer(815301076,1909f56bfc062723c751e8b465ee728b)  -> (artifact id: '79fbb7e497ab8ebcaf3fa791aeefcd7c') in 0.164910 seconds 
Number of asset objects unloaded after import = 10766
========================================================================
Received Import Request.
  Time since last request: 17.624955 seconds.
  path: Assets/_Game/Prefabs/Level/Level2/Prefabs/Cube.prefab
  artifactKey: Guid(b41697b49ca1ba845b7906e0862eadf3) Importer(815301076,1909f56bfc062723c751e8b465ee728b)
Number of updated assets reloaded before import = 0
Start importing Assets/_Game/Prefabs/Level/Level2/Prefabs/Cube.prefab using Guid(b41697b49ca1ba845b7906e0862eadf3) Importer(815301076,1909f56bfc062723c751e8b465ee728b)  -> (artifact id: '80c832d8191c69a6b92216a6ded473a2') in 0.015577 seconds 
Number of asset objects unloaded after import = 8
========================================================================
Received Import Request.
  Time since last request: 8.011903 seconds.
  path: Assets/_Game/Prefabs/Level/Level2/Level 2.prefab
  artifactKey: Guid(668712fff8de85546b7b4fe1bee56d19) Importer(815301076,1909f56bfc062723c751e8b465ee728b)
Number of updated assets reloaded before import = 0
Start importing Assets/_Game/Prefabs/Level/Level2/Level 2.prefab using Guid(668712fff8de85546b7b4fe1bee56d19) Importer(815301076,1909f56bfc062723c751e8b465ee728b)  -> (artifact id: '4b25352e6c7bf5e85fbfd7b6e424bc8f') in 0.178885 seconds 
Number of asset objects unloaded after import = 10760
========================================================================
Received Prepare
Registering precompiled user dll's ...
Registered in 0.013496 seconds.
Begin MonoManager ReloadAssembly
Native extension for WindowsStandalone target not found
Refreshing native plugins compatible for Editor in 0.62 ms, found 3 plugins.
Preloading 0 native plugins for Editor in 0.00 ms.
[Package Manager] Server::EnsureServerProcessIsRunning -- launch failed, reason: Unity was launched with the -noUpm command-line argument
[Package Manager] Cannot connect to Unity Package Manager local server
Mono: successfully reloaded assembly
- Completed reload, in  1.783 seconds
Domain Reload Profiling:
	ReloadAssembly (1784ms)
		BeginReloadAssembly (194ms)
			ExecutionOrderSort (0ms)
			DisableScriptedObjects (7ms)
			BackupInstance (0ms)
			ReleaseScriptingObjects (0ms)
			CreateAndSetChildDomain (55ms)
		EndReloadAssembly (1433ms)
			LoadAssemblies (122ms)
			RebuildTransferFunctionScriptingTraits (0ms)
			SetupTypeCache (321ms)
			ReleaseScriptCaches (1ms)
			RebuildScriptCaches (45ms)
			SetupLoadedEditorAssemblies (933ms)
				LogAssemblyErrors (0ms)
				InitializePlatformSupportModulesInManaged (6ms)
				SetLoadedEditorAssemblies (1ms)
				RefreshPlugins (1ms)
				BeforeProcessingInitializeOnLoad (82ms)
				ProcessInitializeOnLoadAttributes (800ms)
				ProcessInitializeOnLoadMethodAttributes (31ms)
				AfterProcessingInitializeOnLoad (13ms)
				EditorAssembliesLoaded (0ms)
			ExecutionOrderSort2 (0ms)
			AwakeInstancesAfterBackupRestoration (9ms)
Platform modules already initialized, skipping
Refreshing native plugins compatible for Editor in 0.91 ms, found 3 plugins.
Preloading 0 native plugins for Editor in 0.00 ms.
Unloading 3220 Unused Serialized files (Serialized files now loaded: 0)
Unloading 33 unused Assets / (23.6 KB). Loaded Objects now: 3756.
Memory consumption went from 130.8 MB to 130.8 MB.
Total: 4.943100 ms (FindLiveObjects: 0.600100 ms CreateObjectMapping: 0.335100 ms MarkObjects: 3.851600 ms  DeleteObjects: 0.155000 ms)

AssetImportParameters requested are different than current active one (requested -> active):
  custom:video-decoder-ogg-theora: a1e56fd34408186e4bbccfd4996cb3dc -> 
  custom:container-muxer-webm: aa71ff27fc2769a1b78a27578f13a17b -> 
  custom:container-demuxer-webm: 4f35f7cbe854078d1ac9338744f61a02 -> 
  custom:video-encoder-webm-vp8: eb34c28f22e8b96e1ab97ce403110664 -> 
  custom:video-codec-MediaFoundation-h265: 746d11721c4dcdbdad8f713fa42b33f4 -> 
  custom:CustomObjectIndexerAttribute: bc11b3a6c3213fcdd17b65e7da85e133 -> 
  custom:audio-encoder-webm-vorbis: bf7c407c2cedff20999df2af8eb42d56 -> 
  custom:framework-win-MediaFoundation: 216162199b28c13a410421893ffa2e32 -> 
  custom:SearchIndexIgnoredProperties: e643bd26f0fe6173181afceb89e7c659 -> 
  custom:container-demuxer-ogg: 62fdf1f143b41e24485cea50d1cbac27 -> 
  custom:video-decoder-webm-vp8: 9c59270c3fd7afecdb556c50c9e8de78 -> 
  custom:audio-decoder-ogg-vorbis: bf7c407c2cedff20999df2af8eb42d56 -> 
========================================================================
Received Import Request.
  Time since last request: 199.237341 seconds.
  path: Assets/_Game/Prefabs/Level/Level2/Level 2.prefab
  artifactKey: Guid(668712fff8de85546b7b4fe1bee56d19) Importer(815301076,1909f56bfc062723c751e8b465ee728b)
Number of updated assets reloaded before import = 0
Start importing Assets/_Game/Prefabs/Level/Level2/Level 2.prefab using Guid(668712fff8de85546b7b4fe1bee56d19) Importer(815301076,1909f56bfc062723c751e8b465ee728b)  -> (artifact id: '016066b181e594159913c8509244e177') in 0.328076 seconds 
Number of asset objects unloaded after import = 11049
========================================================================
Received Import Request.
  Time since last request: 83.052539 seconds.
  path: Assets/_Game/Prefabs/Level/Level2/Level 2.prefab
  artifactKey: Guid(668712fff8de85546b7b4fe1bee56d19) Importer(815301076,1909f56bfc062723c751e8b465ee728b)
Number of updated assets reloaded before import = 0
Start importing Assets/_Game/Prefabs/Level/Level2/Level 2.prefab using Guid(668712fff8de85546b7b4fe1bee56d19) Importer(815301076,1909f56bfc062723c751e8b465ee728b)  -> (artifact id: 'ac3df67cd7c2f6e73f971a9f406d2da4') in 0.189156 seconds 
Number of asset objects unloaded after import = 11057
========================================================================
Received Import Request.
  Time since last request: 4.985890 seconds.
  path: Assets/_Game/Prefabs/Level/Level2/Level 2.prefab
  artifactKey: Guid(668712fff8de85546b7b4fe1bee56d19) Importer(815301076,1909f56bfc062723c751e8b465ee728b)
Number of updated assets reloaded before import = 0
Start importing Assets/_Game/Prefabs/Level/Level2/Level 2.prefab using Guid(668712fff8de85546b7b4fe1bee56d19) Importer(815301076,1909f56bfc062723c751e8b465ee728b)  -> (artifact id: '1f7f948ee77949b44f4fac723e7fe405') in 0.208823 seconds 
Number of asset objects unloaded after import = 11057
========================================================================
Received Import Request.
  Time since last request: 17.567401 seconds.
  path: Assets/_Game/Prefabs/Level/Level2/Level 2.prefab
  artifactKey: Guid(668712fff8de85546b7b4fe1bee56d19) Importer(815301076,1909f56bfc062723c751e8b465ee728b)
Number of updated assets reloaded before import = 0
Start importing Assets/_Game/Prefabs/Level/Level2/Level 2.prefab using Guid(668712fff8de85546b7b4fe1bee56d19) Importer(815301076,1909f56bfc062723c751e8b465ee728b)  -> (artifact id: 'f00411637d98b599de03adfd9610bee1') in 0.218483 seconds 
Number of asset objects unloaded after import = 11065
========================================================================
Received Import Request.
  Time since last request: 3.963087 seconds.
  path: Assets/_Game/Prefabs/Level/Level2/Level 2.prefab
  artifactKey: Guid(668712fff8de85546b7b4fe1bee56d19) Importer(815301076,1909f56bfc062723c751e8b465ee728b)
Number of updated assets reloaded before import = 0
Start importing Assets/_Game/Prefabs/Level/Level2/Level 2.prefab using Guid(668712fff8de85546b7b4fe1bee56d19) Importer(815301076,1909f56bfc062723c751e8b465ee728b)  -> (artifact id: '68b4dce9742208dda72f6a35ff52bc8f') in 0.263118 seconds 
Number of asset objects unloaded after import = 11065
========================================================================
Received Import Request.
  Time since last request: 2.239952 seconds.
  path: Assets/_Game/Prefabs/Level/Level2/Level 2.prefab
  artifactKey: Guid(668712fff8de85546b7b4fe1bee56d19) Importer(815301076,1909f56bfc062723c751e8b465ee728b)
Number of updated assets reloaded before import = 0
Start importing Assets/_Game/Prefabs/Level/Level2/Level 2.prefab using Guid(668712fff8de85546b7b4fe1bee56d19) Importer(815301076,1909f56bfc062723c751e8b465ee728b)  -> (artifact id: 'c49a63275c776c768c322682438fdc5a') in 0.192557 seconds 
Number of asset objects unloaded after import = 11073
========================================================================
Received Import Request.
  Time since last request: 4.865962 seconds.
  path: Assets/_Game/Prefabs/Level/Level2/Level 2.prefab
  artifactKey: Guid(668712fff8de85546b7b4fe1bee56d19) Importer(815301076,1909f56bfc062723c751e8b465ee728b)
Number of updated assets reloaded before import = 0
Start importing Assets/_Game/Prefabs/Level/Level2/Level 2.prefab using Guid(668712fff8de85546b7b4fe1bee56d19) Importer(815301076,1909f56bfc062723c751e8b465ee728b)  -> (artifact id: '11e50f903fc1a72fe622bc6e3d898c93') in 0.212892 seconds 
Number of asset objects unloaded after import = 11073
========================================================================
Received Import Request.
  Time since last request: 7.943568 seconds.
  path: Assets/_Game/Prefabs/Level/Level2/Level 2.prefab
  artifactKey: Guid(668712fff8de85546b7b4fe1bee56d19) Importer(815301076,1909f56bfc062723c751e8b465ee728b)
Number of updated assets reloaded before import = 0
Start importing Assets/_Game/Prefabs/Level/Level2/Level 2.prefab using Guid(668712fff8de85546b7b4fe1bee56d19) Importer(815301076,1909f56bfc062723c751e8b465ee728b)  -> (artifact id: 'effe65e320a2a885113ee2ce53d8715a') in 0.197048 seconds 
Number of asset objects unloaded after import = 11073
========================================================================
Received Prepare
Registering precompiled user dll's ...
Registered in 0.013264 seconds.
Begin MonoManager ReloadAssembly
Native extension for WindowsStandalone target not found
Refreshing native plugins compatible for Editor in 0.64 ms, found 3 plugins.
Preloading 0 native plugins for Editor in 0.00 ms.
[Package Manager] Server::EnsureServerProcessIsRunning -- launch failed, reason: Unity was launched with the -noUpm command-line argument
[Package Manager] Cannot connect to Unity Package Manager local server
Mono: successfully reloaded assembly
- Completed reload, in  1.734 seconds
Domain Reload Profiling:
	ReloadAssembly (1734ms)
		BeginReloadAssembly (195ms)
			ExecutionOrderSort (0ms)
			DisableScriptedObjects (7ms)
			BackupInstance (0ms)
			ReleaseScriptingObjects (0ms)
			CreateAndSetChildDomain (44ms)
		EndReloadAssembly (1420ms)
			LoadAssemblies (128ms)
			RebuildTransferFunctionScriptingTraits (0ms)
			SetupTypeCache (318ms)
			ReleaseScriptCaches (1ms)
			RebuildScriptCaches (47ms)
			SetupLoadedEditorAssemblies (916ms)
				LogAssemblyErrors (0ms)
				InitializePlatformSupportModulesInManaged (6ms)
				SetLoadedEditorAssemblies (1ms)
				RefreshPlugins (1ms)
				BeforeProcessingInitializeOnLoad (84ms)
				ProcessInitializeOnLoadAttributes (784ms)
				ProcessInitializeOnLoadMethodAttributes (28ms)
				AfterProcessingInitializeOnLoad (12ms)
				EditorAssembliesLoaded (0ms)
			ExecutionOrderSort2 (0ms)
			AwakeInstancesAfterBackupRestoration (8ms)
Platform modules already initialized, skipping
Refreshing native plugins compatible for Editor in 0.94 ms, found 3 plugins.
Preloading 0 native plugins for Editor in 0.00 ms.
Unloading 3220 Unused Serialized files (Serialized files now loaded: 0)
Unloading 33 unused Assets / (23.7 KB). Loaded Objects now: 3759.
Memory consumption went from 130.8 MB to 130.8 MB.
Total: 4.433500 ms (FindLiveObjects: 0.383100 ms CreateObjectMapping: 0.234400 ms MarkObjects: 3.746400 ms  DeleteObjects: 0.068500 ms)

AssetImportParameters requested are different than current active one (requested -> active):
  custom:video-decoder-ogg-theora: a1e56fd34408186e4bbccfd4996cb3dc -> 
  custom:container-muxer-webm: aa71ff27fc2769a1b78a27578f13a17b -> 
  custom:container-demuxer-webm: 4f35f7cbe854078d1ac9338744f61a02 -> 
  custom:video-encoder-webm-vp8: eb34c28f22e8b96e1ab97ce403110664 -> 
  custom:video-codec-MediaFoundation-h265: 746d11721c4dcdbdad8f713fa42b33f4 -> 
  custom:CustomObjectIndexerAttribute: bc11b3a6c3213fcdd17b65e7da85e133 -> 
  custom:audio-encoder-webm-vorbis: bf7c407c2cedff20999df2af8eb42d56 -> 
  custom:framework-win-MediaFoundation: 216162199b28c13a410421893ffa2e32 -> 
  custom:SearchIndexIgnoredProperties: e643bd26f0fe6173181afceb89e7c659 -> 
  custom:container-demuxer-ogg: 62fdf1f143b41e24485cea50d1cbac27 -> 
  custom:video-decoder-webm-vp8: 9c59270c3fd7afecdb556c50c9e8de78 -> 
  custom:audio-decoder-ogg-vorbis: bf7c407c2cedff20999df2af8eb42d56 -> 
========================================================================
Received Import Request.
  Time since last request: 159.662234 seconds.
  path: Assets/_Game/Prefabs/Level/Level2/Prefabs/wall_brick.prefab
  artifactKey: Guid(90e078121b87eed4b9185086b8b1de2b) Importer(815301076,1909f56bfc062723c751e8b465ee728b)
Number of updated assets reloaded before import = 0
Start importing Assets/_Game/Prefabs/Level/Level2/Prefabs/wall_brick.prefab using Guid(90e078121b87eed4b9185086b8b1de2b) Importer(815301076,1909f56bfc062723c751e8b465ee728b)  -> (artifact id: '3bedcb71049b3efb80f2b8a1739bee50') in 0.074204 seconds 
Number of asset objects unloaded after import = 9
========================================================================
Received Prepare
Registering precompiled user dll's ...
Registered in 0.012261 seconds.
Begin MonoManager ReloadAssembly
Native extension for WindowsStandalone target not found
Refreshing native plugins compatible for Editor in 0.58 ms, found 3 plugins.
Preloading 0 native plugins for Editor in 0.00 ms.
[Package Manager] Server::EnsureServerProcessIsRunning -- launch failed, reason: Unity was launched with the -noUpm command-line argument
[Package Manager] Cannot connect to Unity Package Manager local server
Mono: successfully reloaded assembly
- Completed reload, in  1.695 seconds
Domain Reload Profiling:
	ReloadAssembly (1696ms)
		BeginReloadAssembly (165ms)
			ExecutionOrderSort (0ms)
			DisableScriptedObjects (8ms)
			BackupInstance (0ms)
			ReleaseScriptingObjects (0ms)
			CreateAndSetChildDomain (37ms)
		EndReloadAssembly (1421ms)
			LoadAssemblies (114ms)
			RebuildTransferFunctionScriptingTraits (0ms)
			SetupTypeCache (290ms)
			ReleaseScriptCaches (1ms)
			RebuildScriptCaches (44ms)
			SetupLoadedEditorAssemblies (953ms)
				LogAssemblyErrors (0ms)
				InitializePlatformSupportModulesInManaged (6ms)
				SetLoadedEditorAssemblies (0ms)
				RefreshPlugins (1ms)
				BeforeProcessingInitializeOnLoad (78ms)
				ProcessInitializeOnLoadAttributes (824ms)
				ProcessInitializeOnLoadMethodAttributes (32ms)
				AfterProcessingInitializeOnLoad (11ms)
				EditorAssembliesLoaded (0ms)
			ExecutionOrderSort2 (0ms)
			AwakeInstancesAfterBackupRestoration (9ms)
Platform modules already initialized, skipping
Refreshing native plugins compatible for Editor in 0.68 ms, found 3 plugins.
Preloading 0 native plugins for Editor in 0.00 ms.
Unloading 3220 Unused Serialized files (Serialized files now loaded: 0)
Unloading 30 unused Assets / (22.0 KB). Loaded Objects now: 3762.
Memory consumption went from 130.8 MB to 130.8 MB.
Total: 4.837900 ms (FindLiveObjects: 0.655200 ms CreateObjectMapping: 0.332500 ms MarkObjects: 3.810700 ms  DeleteObjects: 0.038300 ms)

AssetImportParameters requested are different than current active one (requested -> active):
  custom:video-decoder-ogg-theora: a1e56fd34408186e4bbccfd4996cb3dc -> 
  custom:container-muxer-webm: aa71ff27fc2769a1b78a27578f13a17b -> 
  custom:container-demuxer-webm: 4f35f7cbe854078d1ac9338744f61a02 -> 
  custom:video-encoder-webm-vp8: eb34c28f22e8b96e1ab97ce403110664 -> 
  custom:video-codec-MediaFoundation-h265: 746d11721c4dcdbdad8f713fa42b33f4 -> 
  custom:CustomObjectIndexerAttribute: bc11b3a6c3213fcdd17b65e7da85e133 -> 
  custom:audio-encoder-webm-vorbis: bf7c407c2cedff20999df2af8eb42d56 -> 
  custom:framework-win-MediaFoundation: 216162199b28c13a410421893ffa2e32 -> 
  custom:SearchIndexIgnoredProperties: e643bd26f0fe6173181afceb89e7c659 -> 
  custom:container-demuxer-ogg: 62fdf1f143b41e24485cea50d1cbac27 -> 
  custom:video-decoder-webm-vp8: 9c59270c3fd7afecdb556c50c9e8de78 -> 
  custom:audio-decoder-ogg-vorbis: bf7c407c2cedff20999df2af8eb42d56 -> 
========================================================================
Received Prepare
Registering precompiled user dll's ...
Registered in 0.015784 seconds.
Begin MonoManager ReloadAssembly
Native extension for WindowsStandalone target not found
Refreshing native plugins compatible for Editor in 0.57 ms, found 3 plugins.
Preloading 0 native plugins for Editor in 0.00 ms.
[Package Manager] Server::EnsureServerProcessIsRunning -- launch failed, reason: Unity was launched with the -noUpm command-line argument
[Package Manager] Cannot connect to Unity Package Manager local server
Mono: successfully reloaded assembly
- Completed reload, in  1.649 seconds
Domain Reload Profiling:
	ReloadAssembly (1650ms)
		BeginReloadAssembly (161ms)
			ExecutionOrderSort (0ms)
			DisableScriptedObjects (7ms)
			BackupInstance (0ms)
			ReleaseScriptingObjects (0ms)
			CreateAndSetChildDomain (39ms)
		EndReloadAssembly (1389ms)
			LoadAssemblies (105ms)
			RebuildTransferFunctionScriptingTraits (0ms)
			SetupTypeCache (262ms)
			ReleaseScriptCaches (1ms)
			RebuildScriptCaches (48ms)
			SetupLoadedEditorAssemblies (945ms)
				LogAssemblyErrors (0ms)
				InitializePlatformSupportModulesInManaged (6ms)
				SetLoadedEditorAssemblies (0ms)
				RefreshPlugins (1ms)
				BeforeProcessingInitializeOnLoad (96ms)
				ProcessInitializeOnLoadAttributes (798ms)
				ProcessInitializeOnLoadMethodAttributes (33ms)
				AfterProcessingInitializeOnLoad (12ms)
				EditorAssembliesLoaded (0ms)
			ExecutionOrderSort2 (0ms)
			AwakeInstancesAfterBackupRestoration (9ms)
Platform modules already initialized, skipping
Refreshing native plugins compatible for Editor in 0.57 ms, found 3 plugins.
Preloading 0 native plugins for Editor in 0.00 ms.
Unloading 3220 Unused Serialized files (Serialized files now loaded: 0)
Unloading 30 unused Assets / (21.9 KB). Loaded Objects now: 3765.
Memory consumption went from 130.8 MB to 130.8 MB.
Total: 3.807800 ms (FindLiveObjects: 0.300100 ms CreateObjectMapping: 0.319400 ms MarkObjects: 3.161400 ms  DeleteObjects: 0.025700 ms)

AssetImportParameters requested are different than current active one (requested -> active):
  custom:video-decoder-ogg-theora: a1e56fd34408186e4bbccfd4996cb3dc -> 
  custom:container-muxer-webm: aa71ff27fc2769a1b78a27578f13a17b -> 
  custom:container-demuxer-webm: 4f35f7cbe854078d1ac9338744f61a02 -> 
  custom:video-encoder-webm-vp8: eb34c28f22e8b96e1ab97ce403110664 -> 
  custom:video-codec-MediaFoundation-h265: 746d11721c4dcdbdad8f713fa42b33f4 -> 
  custom:CustomObjectIndexerAttribute: bc11b3a6c3213fcdd17b65e7da85e133 -> 
  custom:audio-encoder-webm-vorbis: bf7c407c2cedff20999df2af8eb42d56 -> 
  custom:framework-win-MediaFoundation: 216162199b28c13a410421893ffa2e32 -> 
  custom:SearchIndexIgnoredProperties: e643bd26f0fe6173181afceb89e7c659 -> 
  custom:container-demuxer-ogg: 62fdf1f143b41e24485cea50d1cbac27 -> 
  custom:video-decoder-webm-vp8: 9c59270c3fd7afecdb556c50c9e8de78 -> 
  custom:audio-decoder-ogg-vorbis: bf7c407c2cedff20999df2af8eb42d56 -> 
========================================================================
Received Import Request.
  Time since last request: 302.086939 seconds.
  path: Assets/_Game/Prefabs/Level/Level3/Level 3.prefab
  artifactKey: Guid(dd28a6f78cd18204a9c49acc1e8426fd) Importer(815301076,1909f56bfc062723c751e8b465ee728b)
Number of updated assets reloaded before import = 0
Start importing Assets/_Game/Prefabs/Level/Level3/Level 3.prefab using Guid(dd28a6f78cd18204a9c49acc1e8426fd) Importer(815301076,1909f56bfc062723c751e8b465ee728b)  -> (artifact id: '0fb52a96181c40f7bb32d92e0fd965a5') in 0.277692 seconds 
Number of asset objects unloaded after import = 11519
